
19:19:25.505 [info] Loading 146 CA(s) from :otp store

19:19:25.581 id=1 [debug] handled request client -> server initialize in 48ms

19:19:25.585 [debug] sent notification server -> client window/logMessage

19:19:25.586 [debug] NextLS v0.23.3 has initialized!

19:19:25.586 [debug] sent notification server -> client window/logMessage

19:19:25.586 [debug] Log file located at /home/dom/Developer/turbin-3-builders/capstone-airpay-q3/.elixir-tools/next-ls.log

19:19:25.586 [debug] sent notification server -> client window/logMessage

19:19:25.586 [info] [extension] Credo initializing with options %NextLS.InitOpts.Extensions.Credo{enable: true, cli_options: []}

19:19:28.562 [debug] sent notification server -> client window/logMessage

19:19:28.562 [debug] Booting runtimes...

19:19:28.565 id=200 [debug] sent request server -> client window/workDoneProgress/create

19:19:28.569 [debug] sent notification server -> client $/progress

19:19:28.576 [debug] sent notification server -> client window/logMessage

19:19:28.576 [info] Beginning DB migration...

19:19:28.587 [debug] sent notification server -> client window/logMessage

19:19:28.587 [info] Database is being upgraded from version 0 to 7.

This will trigger a full recompilation in order to re-index your codebase.


19:19:28.588 [debug] sent notification server -> client window/logMessage

19:19:28.588 [info] Finished DB migration...

19:19:28.588 [debug] sent notification server -> client window/logMessage

19:19:28.588 [info] Booting runtime for /home/dom/Developer/turbin-3-builders/capstone-airpay-q3/phoenix_dapp.

- elixir: /usr/bin/elixir
- zombie wrapper script: /home/dom/.local/share/.burrito/next_ls_erts-15.2_0.23.3/lib/next_ls-0.23.3/priv/cmd
- working_dir: /home/dom/Developer/turbin-3-builders/capstone-airpay-q3/phoenix_dapp
- command: /usr/bin/elixir --no-halt --sname nextls-runtime-1753546768588301752 --cookie B5KWOZJIEP7TC5LDWAQBZUILE3M23QPWYKPSADNHECVNH73HK4LA==== -S mix loadpaths --no-compile

Environment: 

LSP=nextls
NEXTLS_PARENT_PID=g1h3I25leHQtbHMtMTc1MzU0Njc2NTUxMTM0NjkyMEBYVDEyUHJvAAAA2wAAAABohQAO
MIX_ENV=dev
MIX_TARGET=host
MIX_BUILD_ROOT=.elixir-tools/_build
ROOTDIR=false
BINDIR=false
RELEASE_ROOT=false
RELEASE_SYS_CONFIG=false
PATH=/usr/bin:/home/dom/.local/share/.burrito/next_ls_erts-15.2_0.23.3/bin:/home/dom/.local/share/nvim/mason/bin:/home/dom/.local/share/solana/install/active_release/bin:/home/dom/.local/bin:/home/dom/.bun/bin:/home/dom/.local/share/solana/install/active_release/bin:/home/dom/.rye/shims:/home/dom/.local/bin:/home/dom/.starkli/bin:/home/dom/.asdf/shims:/home/dom/.asdf/bin:/home/dom/.local/share/pnpm:/home/dom/Developer/miniconda3/bin:/home/dom/Developer/miniconda3/condabin:/home/dom/.bun/bin:/home/dom/.nvm/versions/node/v18.20.5/bin:/home/dom/.cargo/bin:/usr/local/sbin:/usr/local/bin:/usr/sbin:/usr/bin:/sbin:/bin:/usr/games:/usr/local/games:/usr/lib/wsl/lib:/mnt/c/WINDOWS/system32:/mnt/c/WINDOWS:/mnt/c/WINDOWS/System32/Wbem:/mnt/c/WINDOWS/System32/WindowsPowerShell/v1.0:/mnt/c/WINDOWS/System32/OpenSSH:/mnt/c/Program Files/dotnet:/mnt/c/Program Files/Docker/Docker/resources/bin:/mnt/c/Program Files/Git/cmd:/mnt/c/Program Files/WireGuard:/mnt/c/Program Files/PuTTY:/mnt/c/Users/vito/AppData/Local/Microsoft/WindowsApps:/mnt/c/Program Files/JetBrains/IntelliJ IDEA Community Edition 2024.3/bin:/mnt/c/Users/vito/AppData/Local/Programs/Microsoft VS Code/bin:/snap/bin:/home/dom/.dotnet/tools:/home/dom/.foundry/bin:/home/dom/.foundry/bin:/home/dom/.huff/bin:/home/dom/.local/bin:/home/dom/Utilities/bin:/home/dom/.local/bin:/home/dom/.local/bin:/home/dom/.local/bin:/opt/nvim-linux-x86_64/bin:/home/dom/.local/share/bob/nvim-bin:/home/dom/.local/bin:/home/dom/.dotnet/tools:/home/dom/.foundry/bin:/home/dom/.foundry/bin:/home/dom/.huff/bin:/home/dom/.local/bin:/home/dom/Utilities/bin:/home/dom/.local/bin:/home/dom/.local/bin:/home/dom/.local/bin:/opt/nvim-linux-x86_64/bin:/home/dom/.local/share/bob/nvim-bin:/home/dom/.local/bin


19:19:28.589 [debug] handled notification client -> server initialized in 3006ms

19:19:28.591 [debug] handled notification client -> server textDocument/didOpen in 2ms

19:19:29.606 [debug] sent notification server -> client window/logMessage

19:19:29.607 [info] Connected to node nextls-runtime-1753546768588301752@XT12Pro

19:19:29.897 [debug] sent notification server -> client $/progress

19:19:29.898 [debug] sent notification server -> client window/logMessage

19:19:29.899 [debug] Runtime for folder /home/dom/Developer/turbin-3-builders/capstone-airpay-q3/phoenix_dapp is ready...

19:19:29.900 id=3139 [debug] sent request server -> client window/workDoneProgress/create

19:19:29.901 [debug] sent notification server -> client $/progress

19:19:29.964 [debug] sent notification server -> client window/logMessage

19:19:29.964 [info] ==> file_system
Compiling 7 files (.ex)


19:19:30.056 id=648 [debug] sent request server -> client window/workDoneProgress/create

19:19:30.057 [debug] sent notification server -> client $/progress

19:19:30.076 [debug] sent notification server -> client window/logMessage

19:19:30.076 [info] Generated file_system app


19:19:30.100 [debug] sent notification server -> client window/logMessage

19:19:30.100 [info] ==> decimal
Compiling 4 files (.ex)


19:19:30.234 [debug] sent notification server -> client $/progress

19:19:30.429 [debug] sent notification server -> client window/logMessage

19:19:30.429 [info] Generated decimal app


19:19:30.445 [debug] sent notification server -> client window/logMessage

19:19:30.445 [info] ==> mime
Compiling 1 file (.ex)


19:19:30.465 id=712 [debug] sent request server -> client window/workDoneProgress/create

19:19:30.466 [debug] sent notification server -> client $/progress

19:19:30.512 [debug] sent notification server -> client window/logMessage

19:19:30.512 [info] Generated mime app


19:19:30.528 [debug] sent notification server -> client window/logMessage

19:19:30.528 [info] ==> nimble_options
Compiling 3 files (.ex)


19:19:30.680 [debug] sent notification server -> client $/progress

19:19:30.733 [debug] sent notification server -> client window/logMessage

19:19:30.733 [info] Generated nimble_options app


19:19:31.000 [debug] sent notification server -> client window/logMessage

19:19:31.000 [info] ===> Analyzing applications...


19:19:31.011 [debug] sent notification server -> client window/logMessage

19:19:31.011 [info] ===> Compiling telemetry


19:19:31.135 [debug] sent notification server -> client window/logMessage

19:19:31.136 [info] ==> telemetry_metrics
Compiling 7 files (.ex)


19:19:31.159 id=3203 [debug] sent request server -> client window/workDoneProgress/create

19:19:31.159 [debug] sent notification server -> client $/progress

19:19:31.216 [debug] sent notification server -> client window/logMessage

19:19:31.217 [info] Generated telemetry_metrics app


19:19:31.303 [debug] sent notification server -> client $/progress

19:19:31.523 [debug] sent notification server -> client window/logMessage

19:19:31.523 [info] ===> Analyzing applications...


19:19:31.534 [debug] sent notification server -> client window/logMessage

19:19:31.534 [info] ===> Compiling telemetry_poller


19:19:31.683 [debug] sent notification server -> client window/logMessage

19:19:31.683 [info] ==> thousand_island
Compiling 16 files (.ex)


19:19:31.781 id=776 [debug] sent request server -> client window/workDoneProgress/create

19:19:31.782 [debug] sent notification server -> client $/progress

19:19:31.836 [debug] sent notification server -> client window/logMessage

19:19:31.836 [info] Generated thousand_island app


19:19:31.863 [debug] sent notification server -> client window/logMessage

19:19:31.863 [info] ==> jason
Compiling 10 files (.ex)


19:19:32.221 [debug] sent notification server -> client $/progress

19:19:32.907 [debug] sent notification server -> client window/logMessage

19:19:32.907 [info] Generated jason app


19:19:32.941 [debug] sent notification server -> client window/logMessage

19:19:32.942 [info] ==> esbuild
Compiling 4 files (.ex)


19:19:33.027 [debug] sent notification server -> client window/logMessage

19:19:33.027 [info] Generated esbuild app


19:19:33.041 [debug] sent notification server -> client window/logMessage

19:19:33.041 [info] ==> phoenix_html
Compiling 6 files (.ex)


19:19:33.117 id=6 [debug] sent request server -> client window/workDoneProgress/create

19:19:33.118 [debug] sent notification server -> client $/progress

19:19:33.221 [debug] sent notification server -> client window/logMessage

19:19:33.221 [info] Generated phoenix_html app


19:19:33.238 [debug] sent notification server -> client window/logMessage

19:19:33.239 [info] ==> phoenix_template
Compiling 4 files (.ex)


19:19:33.312 [debug] sent notification server -> client window/logMessage

19:19:33.312 [info] Generated phoenix_template app


19:19:33.336 [debug] sent notification server -> client window/logMessage

19:19:33.336 [info] ==> db_connection
Compiling 17 files (.ex)


19:19:33.819 [debug] sent notification server -> client $/progress

19:19:33.988 [debug] sent notification server -> client window/logMessage

19:19:33.988 [info] Generated db_connection app


19:19:34.064 [debug] sent notification server -> client window/logMessage

19:19:34.064 [info] ==> expo
Compiling 2 files (.erl)


19:19:34.360 [debug] sent notification server -> client window/logMessage

19:19:34.360 [info] Compiling 22 files (.ex)


19:19:34.432 id=3267 [debug] sent request server -> client window/workDoneProgress/create

19:19:34.433 [debug] sent notification server -> client $/progress

19:19:34.668 [debug] sent notification server -> client window/logMessage

19:19:34.668 [info] Generated expo app


19:19:34.704 [debug] sent notification server -> client window/logMessage

19:19:34.704 [info] ==> phoenix_pubsub


19:19:34.705 [debug] sent notification server -> client window/logMessage

19:19:34.705 [info] Compiling 11 files (.ex)


19:19:34.926 [debug] sent notification server -> client $/progress

19:19:34.970 [debug] sent notification server -> client window/logMessage

19:19:34.970 [info] Generated phoenix_pubsub app


19:19:34.992 [debug] sent notification server -> client window/logMessage

19:19:34.992 [info] ==> plug_crypto
Compiling 5 files (.ex)


19:19:35.084 [debug] sent notification server -> client window/logMessage

19:19:35.085 [info] Generated plug_crypto app


19:19:35.100 [debug] sent notification server -> client window/logMessage

19:19:35.100 [info] ==> hpax
Compiling 4 files (.ex)


19:19:35.425 [debug] sent notification server -> client window/logMessage

19:19:35.425 [info] Generated hpax app


19:19:35.449 [debug] sent notification server -> client window/logMessage

19:19:35.449 [info] ==> dns_cluster


19:19:35.449 [debug] sent notification server -> client window/logMessage

19:19:35.449 [info] Compiling 1 file (.ex)


19:19:35.519 id=3331 [debug] sent request server -> client window/workDoneProgress/create

19:19:35.520 [debug] sent notification server -> client $/progress

19:19:35.531 [debug] sent notification server -> client window/logMessage

19:19:35.531 [info] Generated dns_cluster app


19:19:35.556 [debug] sent notification server -> client window/logMessage

19:19:35.557 [info] ==> gettext
Compiling 18 files (.ex)


19:19:35.849 [debug] sent notification server -> client window/logMessage

19:19:35.849 [info] Generated gettext app


19:19:35.881 [debug] sent notification server -> client window/logMessage

19:19:35.881 [info] ==> ecto
Compiling 56 files (.ex)


19:19:37.366 [debug] sent notification server -> client $/progress

19:19:37.374 id=2 [debug] sent request server -> client window/workDoneProgress/create

19:19:37.376 [debug] sent notification server -> client $/progress

19:19:38.164 [debug] sent notification server -> client $/progress

19:19:39.924 [debug] sent notification server -> client window/logMessage

19:19:39.924 [info] Generated ecto app


19:19:40.014 [debug] sent notification server -> client window/logMessage

19:19:40.014 [info] ==> plug
Compiling 1 file (.erl)


19:19:40.262 [debug] sent notification server -> client window/logMessage

19:19:40.262 [info] Compiling 40 files (.ex)


19:19:40.525 id=66 [debug] sent request server -> client window/workDoneProgress/create

19:19:40.526 [debug] sent notification server -> client $/progress

19:19:41.169 [debug] sent notification server -> client $/progress

19:19:41.976 id=9 [debug] sent request server -> client window/workDoneProgress/create

19:19:41.978 [debug] sent notification server -> client $/progress

19:19:42.151 [debug] sent notification server -> client $/progress

19:19:42.807 [debug] sent notification server -> client window/logMessage

19:19:42.807 [info] Generated plug app


19:19:42.864 [debug] sent notification server -> client window/logMessage

19:19:42.865 [info] ==> postgrex
Compiling 68 files (.ex)


19:19:43.006 id=130 [debug] sent request server -> client window/workDoneProgress/create

19:19:43.008 [debug] sent notification server -> client $/progress

19:19:43.817 [debug] sent notification server -> client $/progress

19:19:48.788 [debug] sent notification server -> client window/logMessage

19:19:48.788 [info] Generated postgrex app


19:19:48.853 [debug] sent notification server -> client window/logMessage

19:19:48.853 [info] ==> ecto_sql
Compiling 25 files (.ex)


19:19:49.032 id=7 [debug] sent request server -> client window/workDoneProgress/create

19:19:49.032 [debug] sent notification server -> client $/progress

19:19:49.438 [debug] sent notification server -> client $/progress

19:19:49.593 [debug] sent notification server -> client window/logMessage

19:19:49.593 [info] Generated ecto_sql app


19:19:49.622 [debug] sent notification server -> client window/logMessage

19:19:49.622 [info] ==> nimble_pool
Compiling 2 files (.ex)


19:19:49.770 [debug] sent notification server -> client window/logMessage

19:19:49.771 [info] Generated nimble_pool app


19:19:49.789 [debug] sent notification server -> client window/logMessage

19:19:49.789 [info] ==> castore
Compiling 1 file (.ex)


19:19:49.801 [debug] sent notification server -> client window/logMessage

19:19:49.802 [info] Generated castore app


19:19:49.816 [debug] sent notification server -> client window/logMessage

19:19:49.816 [info] ==> tailwind
Compiling 3 files (.ex)


19:19:49.899 [debug] sent notification server -> client window/logMessage

19:19:49.899 [info] Generated tailwind app


19:19:49.919 [debug] sent notification server -> client window/logMessage

19:19:49.919 [info] ==> mint
Compiling 1 file (.erl)


19:19:49.977 [debug] sent notification server -> client window/logMessage

19:19:49.977 [info] Compiling 20 files (.ex)


19:19:50.091 id=3395 [debug] sent request server -> client window/workDoneProgress/create

19:19:50.091 [debug] sent notification server -> client $/progress

19:19:50.511 [debug] sent notification server -> client $/progress

19:19:50.803 [debug] sent notification server -> client window/logMessage

19:19:50.803 [info] Generated mint app


19:19:50.860 [debug] sent notification server -> client window/logMessage

19:19:50.861 [info] ==> finch
Compiling 14 files (.ex)


19:19:50.981 id=3459 [debug] sent request server -> client window/workDoneProgress/create

19:19:50.982 [debug] sent notification server -> client $/progress

19:19:51.261 [debug] sent notification server -> client $/progress

19:19:51.466 [debug] sent notification server -> client window/logMessage

19:19:51.466 [info] Generated finch app


19:19:51.494 [debug] sent notification server -> client window/logMessage

19:19:51.495 [info] ==> websock
Compiling 1 file (.ex)


19:19:51.515 [debug] sent notification server -> client window/logMessage

19:19:51.515 [info] Generated websock app


19:19:51.547 [debug] sent notification server -> client window/logMessage

19:19:51.547 [info] ==> bandit
Compiling 54 files (.ex)


19:19:51.740 id=194 [debug] sent request server -> client window/workDoneProgress/create

19:19:51.741 [debug] sent notification server -> client $/progress

19:19:53.025 [debug] sent notification server -> client window/logMessage

19:19:53.025 [info] Generated bandit app


19:19:53.058 [debug] sent notification server -> client $/progress

19:19:53.130 [debug] sent notification server -> client window/logMessage

19:19:53.130 [info] ==> swoosh


19:19:53.131 [debug] sent notification server -> client window/logMessage

19:19:53.131 [info] Compiling 53 files (.ex)


19:19:53.438 id=258 [debug] sent request server -> client window/workDoneProgress/create

19:19:53.439 [debug] sent notification server -> client $/progress

19:19:53.878 [debug] sent notification server -> client window/logMessage

19:19:53.878 [info] Generated swoosh app


19:19:53.938 [debug] sent notification server -> client window/logMessage

19:19:53.938 [info] ==> websock_adapter
Compiling 4 files (.ex)


19:19:53.982 [debug] sent notification server -> client window/logMessage

19:19:53.982 [info] Generated websock_adapter app


19:19:54.011 [debug] sent notification server -> client window/logMessage

19:19:54.011 [info] ==> phoenix
Compiling 71 files (.ex)


19:19:55.148 [debug] sent notification server -> client window/logMessage

19:19:55.149 [info] Generated phoenix app


19:19:55.203 [debug] sent notification server -> client window/logMessage

19:19:55.203 [info] ==> phoenix_live_reload
Compiling 5 files (.ex)


19:19:55.319 [debug] sent notification server -> client window/logMessage

19:19:55.319 [info] Generated phoenix_live_reload app


19:19:55.346 [debug] sent notification server -> client window/logMessage

19:19:55.346 [info] ==> phoenix_live_view
Compiling 39 files (.ex)


19:19:56.698 [debug] sent notification server -> client $/progress

19:19:56.927 [debug] sent notification server -> client window/logMessage

19:19:56.927 [info] Generated phoenix_live_view app


19:19:56.978 [debug] sent notification server -> client window/logMessage

19:19:56.978 [info] ==> phoenix_live_dashboard
Compiling 36 files (.ex)


19:19:57.363 id=3523 [debug] sent request server -> client window/workDoneProgress/create

19:19:57.363 [debug] sent notification server -> client $/progress

19:19:57.847 [debug] sent notification server -> client window/logMessage

19:19:57.847 [info] Generated phoenix_live_dashboard app


19:19:57.863 [debug] sent notification server -> client window/logMessage

19:19:57.863 [info] ==> phoenix_ecto
Compiling 7 files (.ex)


19:19:58.030 [debug] sent notification server -> client window/logMessage

19:19:58.030 [info] Generated phoenix_ecto app


19:19:58.066 [debug] sent notification server -> client window/logMessage

19:19:58.066 [info] ==> phoenix_dapp
Compiling 15 files (.ex)


19:19:58.382 [debug] sent notification server -> client $/progress

19:19:58.557 id=3587 [debug] sent request server -> client window/workDoneProgress/create

19:19:58.558 [debug] sent notification server -> client $/progress

19:19:58.594 [debug] sent notification server -> client window/logMessage

19:19:58.594 [info] Generated phoenix_dapp app


19:19:58.596 [debug] sent notification server -> client $/progress

19:19:58.596 [debug] sent notification server -> client window/logMessage

19:19:58.596 [info] Compiled /home/dom/Developer/turbin-3-builders/capstone-airpay-q3/phoenix_dapp!

19:19:58.667 [debug] sent notification server -> client $/progress

19:22:23.270 id=2 [debug] handled request client -> server shutdown in 1ms

19:22:23.308 [debug] sent notification server -> client window/logMessage

19:22:23.308 [info] The runtime for /home/dom/Developer/turbin-3-builders/capstone-airpay-q3/phoenix_dapp has successfully shut down.

19:22:23.480 [info] Loading 146 CA(s) from :otp store

19:22:35.659 [info] Loading 146 CA(s) from :otp store

19:22:35.730 id=1 [debug] handled request client -> server initialize in 48ms

19:22:35.733 [debug] sent notification server -> client window/logMessage

19:22:35.735 [debug] NextLS v0.23.3 has initialized!

19:22:35.735 [debug] sent notification server -> client window/logMessage

19:22:35.735 [debug] Log file located at /home/dom/Developer/turbin-3-builders/capstone-airpay-q3/.elixir-tools/next-ls.log

19:22:35.735 [debug] sent notification server -> client window/logMessage

19:22:35.735 [info] [extension] Credo initializing with options %NextLS.InitOpts.Extensions.Credo{enable: true, cli_options: []}

19:22:38.513 [debug] sent notification server -> client window/logMessage

19:22:38.513 [debug] Booting runtimes...

19:22:38.515 id=130 [debug] sent request server -> client window/workDoneProgress/create

19:22:38.519 [debug] sent notification server -> client $/progress

19:22:38.525 [debug] sent notification server -> client window/logMessage

19:22:38.525 [info] Beginning DB migration...

19:22:38.528 [debug] sent notification server -> client window/logMessage

19:22:38.528 [info] Database is on the latest version: 7

19:22:38.528 [debug] sent notification server -> client window/logMessage

19:22:38.528 [info] Finished DB migration...

19:22:38.528 [debug] sent notification server -> client window/logMessage

19:22:38.528 [info] Booting runtime for /home/dom/Developer/turbin-3-builders/capstone-airpay-q3/phoenix_dapp.

- elixir: /usr/bin/elixir
- zombie wrapper script: /home/dom/.local/share/.burrito/next_ls_erts-15.2_0.23.3/lib/next_ls-0.23.3/priv/cmd
- working_dir: /home/dom/Developer/turbin-3-builders/capstone-airpay-q3/phoenix_dapp
- command: /usr/bin/elixir --no-halt --sname nextls-runtime-1753546958528652034 --cookie B5KWOZJIEP7TC5LDWAQBZUILE3M23QPWYKPSADNHECVNH73HK4LA==== -S mix loadpaths --no-compile

Environment: 

LSP=nextls
NEXTLS_PARENT_PID=g1h3I25leHQtbHMtMTc1MzU0Njk1NTY2NDk0NzAyNkBYVDEyUHJvAAAA2wAAAABohQDM
MIX_ENV=dev
MIX_TARGET=host
MIX_BUILD_ROOT=.elixir-tools/_build
ROOTDIR=false
BINDIR=false
RELEASE_ROOT=false
RELEASE_SYS_CONFIG=false
PATH=/usr/bin:/home/dom/.local/share/.burrito/next_ls_erts-15.2_0.23.3/bin:/home/dom/.local/share/nvim/mason/bin:/home/dom/.local/share/solana/install/active_release/bin:/home/dom/.local/bin:/home/dom/.bun/bin:/home/dom/.local/share/solana/install/active_release/bin:/home/dom/.rye/shims:/home/dom/.local/bin:/home/dom/.starkli/bin:/home/dom/.asdf/shims:/home/dom/.asdf/bin:/home/dom/.local/share/pnpm:/home/dom/Developer/miniconda3/bin:/home/dom/Developer/miniconda3/condabin:/home/dom/.bun/bin:/home/dom/.nvm/versions/node/v18.20.5/bin:/home/dom/.cargo/bin:/usr/local/sbin:/usr/local/bin:/usr/sbin:/usr/bin:/sbin:/bin:/usr/games:/usr/local/games:/usr/lib/wsl/lib:/mnt/c/WINDOWS/system32:/mnt/c/WINDOWS:/mnt/c/WINDOWS/System32/Wbem:/mnt/c/WINDOWS/System32/WindowsPowerShell/v1.0:/mnt/c/WINDOWS/System32/OpenSSH:/mnt/c/Program Files/dotnet:/mnt/c/Program Files/Docker/Docker/resources/bin:/mnt/c/Program Files/Git/cmd:/mnt/c/Program Files/WireGuard:/mnt/c/Program Files/PuTTY:/mnt/c/Users/vito/AppData/Local/Microsoft/WindowsApps:/mnt/c/Program Files/JetBrains/IntelliJ IDEA Community Edition 2024.3/bin:/mnt/c/Users/vito/AppData/Local/Programs/Microsoft VS Code/bin:/snap/bin:/home/dom/.dotnet/tools:/home/dom/.foundry/bin:/home/dom/.foundry/bin:/home/dom/.huff/bin:/home/dom/.local/bin:/home/dom/Utilities/bin:/home/dom/.local/bin:/home/dom/.local/bin:/home/dom/.local/bin:/opt/nvim-linux-x86_64/bin:/home/dom/.local/share/bob/nvim-bin:/home/dom/.local/bin:/home/dom/.dotnet/tools:/home/dom/.foundry/bin:/home/dom/.foundry/bin:/home/dom/.huff/bin:/home/dom/.local/bin:/home/dom/Utilities/bin:/home/dom/.local/bin:/home/dom/.local/bin:/home/dom/.local/bin:/opt/nvim-linux-x86_64/bin:/home/dom/.local/share/bob/nvim-bin:/home/dom/.local/bin


19:22:38.529 [debug] handled notification client -> server initialized in 2797ms

19:22:38.532 [debug] handled notification client -> server textDocument/didOpen in 3ms

19:22:39.589 [debug] sent notification server -> client window/logMessage

19:22:39.589 [info] Connected to node nextls-runtime-1753546958528652034@XT12Pro

19:22:39.871 [debug] sent notification server -> client $/progress

19:22:39.872 [debug] sent notification server -> client window/logMessage

19:22:39.872 [debug] Runtime for folder /home/dom/Developer/turbin-3-builders/capstone-airpay-q3/phoenix_dapp is ready...

19:22:39.873 id=514 [debug] sent request server -> client window/workDoneProgress/create

19:22:39.874 [debug] sent notification server -> client $/progress

19:22:39.932 [debug] sent notification server -> client $/progress

19:22:39.932 [debug] sent notification server -> client window/logMessage

19:22:39.932 [info] Compiled /home/dom/Developer/turbin-3-builders/capstone-airpay-q3/phoenix_dapp!

19:23:06.089 [debug] handled notification client -> server textDocument/didOpen in 907µs

19:31:12.422 id=2 [debug] handled request client -> server shutdown in 2ms

19:31:12.445 [debug] sent notification server -> client window/logMessage

19:31:12.445 [info] The runtime for /home/dom/Developer/turbin-3-builders/capstone-airpay-q3/phoenix_dapp has successfully shut down.

19:31:12.446 [debug] sent notification server -> client window/logMessage

19:31:12.446 [info] Beginning DB migration...

19:31:12.447 [debug] sent notification server -> client window/logMessage

19:31:12.447 [info] Database is on the latest version: 7

19:31:12.447 [debug] sent notification server -> client window/logMessage

19:31:12.447 [info] Finished DB migration...

19:31:12.657 [info] Loading 146 CA(s) from :otp store

11:56:16.114 [info] Loading 146 CA(s) from :otp store

11:56:16.218 id=1 [debug] handled request client -> server initialize in 66ms

11:56:16.223 [debug] sent notification server -> client window/logMessage

11:56:16.224 [debug] NextLS v0.23.3 has initialized!

11:56:16.224 [debug] sent notification server -> client window/logMessage

11:56:16.224 [debug] Log file located at /home/dom/Developer/turbin-3-builders/capstone-airpay-q3/.elixir-tools/next-ls.log

11:56:16.226 [debug] sent notification server -> client window/logMessage

11:56:16.226 [info] [extension] Credo initializing with options %NextLS.InitOpts.Extensions.Credo{enable: true, cli_options: []}

11:56:18.513 [debug] sent notification server -> client window/logMessage

11:56:18.513 [debug] Booting runtimes...

11:56:18.516 id=16 [debug] sent request server -> client window/workDoneProgress/create

11:56:18.523 [debug] sent notification server -> client $/progress

11:56:18.543 [debug] sent notification server -> client window/logMessage

11:56:18.543 [info] Beginning DB migration...

11:56:18.548 [debug] sent notification server -> client window/logMessage

11:56:18.548 [info] Database is on the latest version: 7

11:56:18.548 [debug] sent notification server -> client window/logMessage

11:56:18.548 [info] Finished DB migration...

11:56:18.548 [debug] sent notification server -> client window/logMessage

11:56:18.548 [info] Booting runtime for /home/dom/Developer/turbin-3-builders/capstone-airpay-q3/phoenix_dapp.

- elixir: /usr/bin/elixir
- zombie wrapper script: /home/dom/.local/share/.burrito/next_ls_erts-15.2_0.23.3/lib/next_ls-0.23.3/priv/cmd
- working_dir: /home/dom/Developer/turbin-3-builders/capstone-airpay-q3/phoenix_dapp
- command: /usr/bin/elixir --no-halt --sname nextls-runtime-1753692978548399385 --cookie B5KWOZJIEP7TC5LDWAQBZUILE3M23QPWYKPSADNHECVNH73HK4LA==== -S mix loadpaths --no-compile

Environment: 

LSP=nextls
NEXTLS_PARENT_PID=g1h3I25leHQtbHMtMTc1MzY5Mjk3NjEyMzQwMTgwNUBYVDEyUHJvAAAA2wAAAABohzsx
MIX_ENV=dev
MIX_TARGET=host
MIX_BUILD_ROOT=.elixir-tools/_build
ROOTDIR=false
BINDIR=false
RELEASE_ROOT=false
RELEASE_SYS_CONFIG=false
PATH=/usr/bin:/home/dom/.local/share/.burrito/next_ls_erts-15.2_0.23.3/bin:/home/dom/.local/share/nvim/mason/bin:/home/dom/.local/share/solana/install/active_release/bin:/home/dom/.local/bin:/home/dom/.bun/bin:/home/dom/.local/share/solana/install/active_release/bin:/home/dom/.rye/shims:/home/dom/.local/bin:/home/dom/.starkli/bin:/home/dom/.asdf/shims:/home/dom/.asdf/bin:/home/dom/.local/share/pnpm:/home/dom/Developer/miniconda3/bin:/home/dom/Developer/miniconda3/condabin:/home/dom/.bun/bin:/home/dom/.nvm/versions/node/v20.19.0/bin:/home/dom/.cargo/bin:/usr/local/sbin:/usr/local/bin:/usr/sbin:/usr/bin:/sbin:/bin:/usr/games:/usr/local/games:/usr/lib/wsl/lib:/mnt/c/WINDOWS/system32:/mnt/c/WINDOWS:/mnt/c/WINDOWS/System32/Wbem:/mnt/c/WINDOWS/System32/WindowsPowerShell/v1.0:/mnt/c/WINDOWS/System32/OpenSSH:/mnt/c/Program Files/dotnet:/mnt/c/Program Files/Docker/Docker/resources/bin:/mnt/c/Program Files/Git/cmd:/mnt/c/Program Files/WireGuard:/mnt/c/Program Files/PuTTY:/mnt/c/Users/vito/AppData/Local/Microsoft/WindowsApps:/mnt/c/Program Files/JetBrains/IntelliJ IDEA Community Edition 2024.3/bin:/mnt/c/Users/vito/AppData/Local/Programs/Microsoft VS Code/bin:/snap/bin:/home/dom/.dotnet/tools:/home/dom/.foundry/bin:/home/dom/.foundry/bin:/home/dom/.huff/bin:/home/dom/.local/bin:/home/dom/Utilities/bin:/home/dom/.local/bin:/home/dom/.local/bin:/home/dom/.local/bin:/opt/nvim-linux-x86_64/bin:/home/dom/.local/share/bob/nvim-bin:/home/dom/.local/bin:/home/dom/.dotnet/tools:/home/dom/.foundry/bin:/home/dom/.foundry/bin:/home/dom/.huff/bin:/home/dom/.local/bin:/home/dom/Utilities/bin:/home/dom/.local/bin:/home/dom/.local/bin:/home/dom/.local/bin:/opt/nvim-linux-x86_64/bin:/home/dom/.local/share/bob/nvim-bin:/home/dom/.local/bin


11:56:18.549 [debug] handled notification client -> server initialized in 2329ms

11:56:18.552 [debug] handled notification client -> server textDocument/didOpen in 3ms

11:56:19.571 [debug] sent notification server -> client window/logMessage

11:56:19.571 [info] Connected to node nextls-runtime-1753692978548399385@XT12Pro

11:56:19.857 [debug] sent notification server -> client $/progress

11:56:19.858 [debug] sent notification server -> client window/logMessage

11:56:19.858 [debug] Runtime for folder /home/dom/Developer/turbin-3-builders/capstone-airpay-q3/phoenix_dapp is ready...

11:56:19.860 id=209 [debug] sent request server -> client window/workDoneProgress/create

11:56:19.861 [debug] sent notification server -> client $/progress

11:56:19.957 [debug] sent notification server -> client window/logMessage

11:56:19.957 [info] Generated phoenix_dapp app


11:56:19.961 [debug] sent notification server -> client $/progress

11:56:19.961 [debug] sent notification server -> client window/logMessage

11:56:19.961 [info] Compiled /home/dom/Developer/turbin-3-builders/capstone-airpay-q3/phoenix_dapp!

11:56:27.854 id=2 [debug] handled request client -> server shutdown in 1ms

11:56:27.866 [debug] sent notification server -> client window/logMessage

11:56:27.867 [info] The runtime for /home/dom/Developer/turbin-3-builders/capstone-airpay-q3/phoenix_dapp has successfully shut down.

11:56:27.869 [debug] sent notification server -> client window/logMessage

11:56:28.028 [info] Loading 146 CA(s) from :otp store
